[2021-01-22T19:07:25.579] [ERROR] error - /admin/home-count GET 401
    UnauthorizedError: Authentication Error
    at Object.throw (/project/koa/front/console-koa-api/node_modules/koa/lib/context.js:97:11)
    at jwt (/project/koa/front/console-koa-api/node_modules/koa-jwt/lib/index.js:23:22)
    at /project/koa/front/console-koa-api/node_modules/koa-unless/index.js:29:12
    at next (/project/koa/front/console-koa-api/node_modules/koa-compose/index.js:42:32)
    at _default (/project/koa/front/console-koa-api/src/common/errorHandle.js:6:10)
    at dispatch (/project/koa/front/console-koa-api/node_modules/koa-compose/index.js:42:32)
    at cors (/project/koa/front/console-koa-api/node_modules/koa2-cors/dist/index.js:91:15)
    at dispatch (/project/koa/front/console-koa-api/node_modules/koa-compose/index.js:42:32)
    at bodyParser (/project/koa/front/console-koa-api/node_modules/koa-bodyparser/index.js:82:54)
    at dispatch (/project/koa/front/console-koa-api/node_modules/koa-compose/index.js:42:32)
    at serve (/project/koa/front/console-koa-api/node_modules/koa-static/index.js:53:15)
[2021-01-22T19:39:04.024] [ERROR] error - /admin/home-count GET 401
    UnauthorizedError: Authentication Error
    at Object.throw (/project/koa/front/console-koa-api/node_modules/koa/lib/context.js:97:11)
    at jwt (/project/koa/front/console-koa-api/node_modules/koa-jwt/lib/index.js:23:22)
    at /project/koa/front/console-koa-api/node_modules/koa-unless/index.js:29:12
    at next (/project/koa/front/console-koa-api/node_modules/koa-compose/index.js:42:32)
    at _default (/project/koa/front/console-koa-api/src/common/errorHandle.js:8:11)
    at dispatch (/project/koa/front/console-koa-api/node_modules/koa-compose/index.js:42:32)
    at cors (/project/koa/front/console-koa-api/node_modules/koa2-cors/dist/index.js:91:15)
    at dispatch (/project/koa/front/console-koa-api/node_modules/koa-compose/index.js:42:32)
    at bodyParser (/project/koa/front/console-koa-api/node_modules/koa-bodyparser/index.js:82:54)
    at dispatch (/project/koa/front/console-koa-api/node_modules/koa-compose/index.js:42:32)
    at serve (/project/koa/front/console-koa-api/node_modules/koa-static/index.js:53:15)
[2021-01-22T19:39:29.826] [ERROR] error - /admin/home-count1 GET 401
    UnauthorizedError: Authentication Error
    at Object.throw (/project/koa/front/console-koa-api/node_modules/koa/lib/context.js:97:11)
    at jwt (/project/koa/front/console-koa-api/node_modules/koa-jwt/lib/index.js:23:22)
    at /project/koa/front/console-koa-api/node_modules/koa-unless/index.js:29:12
    at next (/project/koa/front/console-koa-api/node_modules/koa-compose/index.js:42:32)
    at _default (/project/koa/front/console-koa-api/src/common/errorHandle.js:8:11)
    at dispatch (/project/koa/front/console-koa-api/node_modules/koa-compose/index.js:42:32)
    at cors (/project/koa/front/console-koa-api/node_modules/koa2-cors/dist/index.js:91:15)
    at dispatch (/project/koa/front/console-koa-api/node_modules/koa-compose/index.js:42:32)
    at bodyParser (/project/koa/front/console-koa-api/node_modules/koa-bodyparser/index.js:82:54)
    at dispatch (/project/koa/front/console-koa-api/node_modules/koa-compose/index.js:42:32)
    at serve (/project/koa/front/console-koa-api/node_modules/koa-static/index.js:53:15)
[2021-01-22T19:41:51.211] [ERROR] error - /admin/home-count1 GET 401
    UnauthorizedError: Authentication Error
    at Object.throw (/project/koa/front/console-koa-api/node_modules/koa/lib/context.js:97:11)
    at jwt (/project/koa/front/console-koa-api/node_modules/koa-jwt/lib/index.js:23:22)
    at /project/koa/front/console-koa-api/node_modules/koa-unless/index.js:29:12
    at next (/project/koa/front/console-koa-api/node_modules/koa-compose/index.js:42:32)
    at _default (/project/koa/front/console-koa-api/src/common/errorHandle.js:8:11)
    at dispatch (/project/koa/front/console-koa-api/node_modules/koa-compose/index.js:42:32)
    at cors (/project/koa/front/console-koa-api/node_modules/koa2-cors/dist/index.js:91:15)
    at dispatch (/project/koa/front/console-koa-api/node_modules/koa-compose/index.js:42:32)
    at bodyParser (/project/koa/front/console-koa-api/node_modules/koa-bodyparser/index.js:82:54)
    at dispatch (/project/koa/front/console-koa-api/node_modules/koa-compose/index.js:42:32)
    at serve (/project/koa/front/console-koa-api/node_modules/koa-static/index.js:53:15)
[2021-01-25T01:08:33.655] [ERROR] error - /admin/home-count GET 404
    UnauthorizedError: Authentication Error
    at Object.throw (D:\project\vue\1024\console-koa-api\node_modules\koa\lib\context.js:97:11)
    at jwt (D:\project\vue\1024\console-koa-api\node_modules\koa-jwt\lib\index.js:23:22)
    at D:\project\vue\1024\console-koa-api\node_modules\koa-unless\index.js:29:12
    at next (D:\project\vue\1024\console-koa-api\node_modules\koa-compose\index.js:42:32)
    at _default (D:\project\vue\1024\console-koa-api\src\common\/errorHandle.js:10:11)
    at dispatch (D:\project\vue\1024\console-koa-api\node_modules\koa-compose\index.js:42:32)
    at cors (D:\project\vue\1024\console-koa-api\node_modules\koa2-cors\dist\index.js:91:15)
    at dispatch (D:\project\vue\1024\console-koa-api\node_modules\koa-compose\index.js:42:32)
    at bodyParser (D:\project\vue\1024\console-koa-api\node_modules\koa-bodyparser\index.js:82:54)
    at dispatch (D:\project\vue\1024\console-koa-api\node_modules\koa-compose\index.js:42:32)
    at serve (D:\project\vue\1024\console-koa-api\node_modules\koa-static\index.js:53:15)
    
[2021-01-25T01:10:54.494] [ERROR] error - /admin/home-count GET 404
    UnauthorizedError: Authentication Error
    at Object.throw (D:\project\vue\1024\console-koa-api\node_modules\koa\lib\context.js:97:11)
    at jwt (D:\project\vue\1024\console-koa-api\node_modules\koa-jwt\lib\index.js:23:22)
    at D:\project\vue\1024\console-koa-api\node_modules\koa-unless\index.js:29:12
    at next (D:\project\vue\1024\console-koa-api\node_modules\koa-compose\index.js:42:32)
    at _default (D:\project\vue\1024\console-koa-api\src\common\/errorHandle.js:10:11)
    at dispatch (D:\project\vue\1024\console-koa-api\node_modules\koa-compose\index.js:42:32)
    at cors (D:\project\vue\1024\console-koa-api\node_modules\koa2-cors\dist\index.js:91:15)
    at dispatch (D:\project\vue\1024\console-koa-api\node_modules\koa-compose\index.js:42:32)
    at bodyParser (D:\project\vue\1024\console-koa-api\node_modules\koa-bodyparser\index.js:82:54)
    at dispatch (D:\project\vue\1024\console-koa-api\node_modules\koa-compose\index.js:42:32)
    at serve (D:\project\vue\1024\console-koa-api\node_modules\koa-static\index.js:53:15)
    
[2021-01-25T01:12:30.594] [ERROR] error - /admin/home-count GET 404
    UnauthorizedError: Authentication Error
    at Object.throw (D:\project\vue\1024\console-koa-api\node_modules\koa\lib\context.js:97:11)
    at jwt (D:\project\vue\1024\console-koa-api\node_modules\koa-jwt\lib\index.js:23:22)
    at D:\project\vue\1024\console-koa-api\node_modules\koa-unless\index.js:29:12
    at next (D:\project\vue\1024\console-koa-api\node_modules\koa-compose\index.js:42:32)
    at _default (D:\project\vue\1024\console-koa-api\src\common\/errorHandle.js:10:11)
    at dispatch (D:\project\vue\1024\console-koa-api\node_modules\koa-compose\index.js:42:32)
    at cors (D:\project\vue\1024\console-koa-api\node_modules\koa2-cors\dist\index.js:91:15)
    at dispatch (D:\project\vue\1024\console-koa-api\node_modules\koa-compose\index.js:42:32)
    at bodyParser (D:\project\vue\1024\console-koa-api\node_modules\koa-bodyparser\index.js:82:54)
    at dispatch (D:\project\vue\1024\console-koa-api\node_modules\koa-compose\index.js:42:32)
    at serve (D:\project\vue\1024\console-koa-api\node_modules\koa-static\index.js:53:15)
    
[2021-01-25T01:13:18.303] [ERROR] error - /admin/home-count POST 404
    UnauthorizedError: Authentication Error
    at Object.throw (D:\project\vue\1024\console-koa-api\node_modules\koa\lib\context.js:97:11)
    at jwt (D:\project\vue\1024\console-koa-api\node_modules\koa-jwt\lib\index.js:23:22)
    at D:\project\vue\1024\console-koa-api\node_modules\koa-unless\index.js:29:12
    at next (D:\project\vue\1024\console-koa-api\node_modules\koa-compose\index.js:42:32)
    at _default (D:\project\vue\1024\console-koa-api\src\common\/errorHandle.js:10:11)
    at dispatch (D:\project\vue\1024\console-koa-api\node_modules\koa-compose\index.js:42:32)
    at cors (D:\project\vue\1024\console-koa-api\node_modules\koa2-cors\dist\index.js:91:15)
    at dispatch (D:\project\vue\1024\console-koa-api\node_modules\koa-compose\index.js:42:32)
    at bodyParser (D:\project\vue\1024\console-koa-api\node_modules\koa-bodyparser\index.js:82:54)
    at dispatch (D:\project\vue\1024\console-koa-api\node_modules\koa-compose\index.js:42:32)
    at serve (D:\project\vue\1024\console-koa-api\node_modules\koa-static\index.js:53:15)
    at dispatch (D:\project\vue\1024\console-koa-api\node_modules\koa-compose\index.js:42:32)
    at D:\project\vue\1024\console-koa-api\node_modules\koa-body\index.js:148:14
    at process._tickCallback (internal/process/next_tick.js:68:7)
    
[2021-01-25T01:14:24.643] [ERROR] error - /admin/home-count POST 405
    InternalServerError: 请求方法不存在，请检查路由！
    at Object.throw (D:\project\vue\1024\console-koa-api\node_modules\koa\lib\context.js:97:11)
    at _default (D:\project\vue\1024\console-koa-api\src\common\/errorHandle.js:31:7)
    at process._tickCallback (internal/process/next_tick.js:68:7)
    
[2021-01-25T01:17:10.638] [ERROR] error - /admin/home-count POST 405
    InternalServerError: 请求方法不存在，请检查路由！
    at Object.throw (D:\project\vue\1024\console-koa-api\node_modules\koa\lib\context.js:97:11)
    at _default (D:\project\vue\1024\console-koa-api\src\common\/errorHandle.js:31:7)
    at process._tickCallback (internal/process/next_tick.js:68:7)
    
[2021-01-25T01:19:11.910] [ERROR] error - /admin/home-count POST 405
    InternalServerError: 请求方法不存在，请检查路由！
    at Object.throw (D:\project\vue\1024\console-koa-api\node_modules\koa\lib\context.js:97:11)
    at _default (D:\project\vue\1024\console-koa-api\src\common\/errorHandle.js:31:7)
    at process._tickCallback (internal/process/next_tick.js:68:7)
    
[2021-01-25T01:20:20.484] [ERROR] error - /admin/errors GET 404
    InternalServerError: 发出的请求针对的是不存在的记录，服务器没有进行操作。
    at Object.throw (D:\project\vue\1024\console-koa-api\node_modules\koa\lib\context.js:97:11)
    at _default (D:\project\vue\1024\console-koa-api\src\common\/errorHandle.js:31:7)
    at process._tickCallback (internal/process/next_tick.js:68:7)
    
[2021-01-25T01:20:35.266] [ERROR] error - /admin/errors GET 404
    UnauthorizedError: Authentication Error
    at Object.throw (D:\project\vue\1024\console-koa-api\node_modules\koa\lib\context.js:97:11)
    at jwt (D:\project\vue\1024\console-koa-api\node_modules\koa-jwt\lib\index.js:23:22)
    at D:\project\vue\1024\console-koa-api\node_modules\koa-unless\index.js:29:12
    at next (D:\project\vue\1024\console-koa-api\node_modules\koa-compose\index.js:42:32)
    at _default (D:\project\vue\1024\console-koa-api\src\common\/errorHandle.js:10:11)
    at dispatch (D:\project\vue\1024\console-koa-api\node_modules\koa-compose\index.js:42:32)
    at cors (D:\project\vue\1024\console-koa-api\node_modules\koa2-cors\dist\index.js:91:15)
    at dispatch (D:\project\vue\1024\console-koa-api\node_modules\koa-compose\index.js:42:32)
    at bodyParser (D:\project\vue\1024\console-koa-api\node_modules\koa-bodyparser\index.js:82:54)
    at dispatch (D:\project\vue\1024\console-koa-api\node_modules\koa-compose\index.js:42:32)
    at serve (D:\project\vue\1024\console-koa-api\node_modules\koa-static\index.js:53:15)
    
[2021-01-25T01:23:11.610] [ERROR] error - /admin/errors GET 404
    UnauthorizedError: Authentication Error
    at Object.throw (D:\project\vue\1024\console-koa-api\node_modules\koa\lib\context.js:97:11)
    at jwt (D:\project\vue\1024\console-koa-api\node_modules\koa-jwt\lib\index.js:23:22)
    at D:\project\vue\1024\console-koa-api\node_modules\koa-unless\index.js:29:12
    at next (D:\project\vue\1024\console-koa-api\node_modules\koa-compose\index.js:42:32)
    at _default (D:\project\vue\1024\console-koa-api\src\common\/errorHandle.js:10:11)
    at dispatch (D:\project\vue\1024\console-koa-api\node_modules\koa-compose\index.js:42:32)
    at cors (D:\project\vue\1024\console-koa-api\node_modules\koa2-cors\dist\index.js:91:15)
    at dispatch (D:\project\vue\1024\console-koa-api\node_modules\koa-compose\index.js:42:32)
    at bodyParser (D:\project\vue\1024\console-koa-api\node_modules\koa-bodyparser\index.js:82:54)
    at dispatch (D:\project\vue\1024\console-koa-api\node_modules\koa-compose\index.js:42:32)
    at serve (D:\project\vue\1024\console-koa-api\node_modules\koa-static\index.js:53:15)
    
[2021-01-25T01:29:30.364] [ERROR] error - /admin/errors POST 405
    InternalServerError: 请求方法不存在，请检查路由！
    at Object.throw (D:\project\vue\1024\console-koa-api\node_modules\koa\lib\context.js:97:11)
    at _default (D:\project\vue\1024\console-koa-api\src\common\/errorHandle.js:31:7)
    at process._tickCallback (internal/process/next_tick.js:68:7)
    
[2021-01-25T01:31:19.979] [ERROR] error - /admin/errors GET 404
    UnauthorizedError: Authentication Error
    at Object.throw (D:\project\vue\1024\console-koa-api\node_modules\koa\lib\context.js:97:11)
    at jwt (D:\project\vue\1024\console-koa-api\node_modules\koa-jwt\lib\index.js:23:22)
    at D:\project\vue\1024\console-koa-api\node_modules\koa-unless\index.js:29:12
    at next (D:\project\vue\1024\console-koa-api\node_modules\koa-compose\index.js:42:32)
    at _default (D:\project\vue\1024\console-koa-api\src\common\/errorHandle.js:10:11)
    at dispatch (D:\project\vue\1024\console-koa-api\node_modules\koa-compose\index.js:42:32)
    at cors (D:\project\vue\1024\console-koa-api\node_modules\koa2-cors\dist\index.js:91:15)
    at dispatch (D:\project\vue\1024\console-koa-api\node_modules\koa-compose\index.js:42:32)
    at bodyParser (D:\project\vue\1024\console-koa-api\node_modules\koa-bodyparser\index.js:82:54)
    at dispatch (D:\project\vue\1024\console-koa-api\node_modules\koa-compose\index.js:42:32)
    at serve (D:\project\vue\1024\console-koa-api\node_modules\koa-static\index.js:53:15)
    
[2021-01-25T01:43:52.455] [ERROR] error - /admin/errors POST 405
    InternalServerError: 请求方法不存在，请检查路由！
    at Object.throw (D:\project\vue\1024\console-koa-api\node_modules\koa\lib\context.js:97:11)
    at _default (D:\project\vue\1024\console-koa-api\src\common\/errorHandle.js:30:7)
    at process._tickCallback (internal/process/next_tick.js:68:7)
    
[2021-01-25T02:11:13.538] [ERROR] error - /admin/del-error POST 404
    TypeError: Cannot destructure property `body` of 'undefined' or 'null'.
    at delError (D:\project\vue\1024\console-koa-api\src\api\/adminController.js:164:26)
    at dispatch (D:\project\vue\1024\console-koa-api\node_modules\koa-compose\index.js:42:32)
    at D:\project\vue\1024\console-koa-api\node_modules\koa-router\lib\router.js:372:16
    at dispatch (D:\project\vue\1024\console-koa-api\node_modules\koa-compose\index.js:42:32)
    at D:\project\vue\1024\console-koa-api\node_modules\koa-compose\index.js:34:12
    at dispatch (D:\project\vue\1024\console-koa-api\node_modules\koa-router\lib\router.js:377:31)
    at dispatch (D:\project\vue\1024\console-koa-api\node_modules\koa-compose\index.js:42:32)
    at allowedMethods (D:\project\vue\1024\console-koa-api\node_modules\koa-router\lib\router.js:433:12)
    at dispatch (D:\project\vue\1024\console-koa-api\node_modules\koa-compose\index.js:42:32)
    at dispatch (D:\project\vue\1024\console-koa-api\node_modules\koa-router\lib\router.js:353:32)
    at dispatch (D:\project\vue\1024\console-koa-api\node_modules\koa-compose\index.js:42:32)
    at allowedMethods (D:\project\vue\1024\console-koa-api\node_modules\koa-router\lib\router.js:433:12)
    at dispatch (D:\project\vue\1024\console-koa-api\node_modules\koa-compose\index.js:42:32)
    at dispatch (D:\project\vue\1024\console-koa-api\node_modules\koa-router\lib\router.js:353:32)
    at dispatch (D:\project\vue\1024\console-koa-api\node_modules\koa-compose\index.js:42:32)
    at allowedMethods (D:\project\vue\1024\console-koa-api\node_modules\koa-router\lib\router.js:433:12)
    
[2021-01-25T02:11:13.744] [ERROR] error - /save_error_logger POST 404
    InternalServerError: 发出的请求针对的是不存在的记录，服务器没有进行操作。
    at Object.throw (D:\project\vue\1024\console-koa-api\node_modules\koa\lib\context.js:97:11)
    at _default (D:\project\vue\1024\console-koa-api\src\common\/errorHandle.js:30:7)
    at process._tickCallback (internal/process/next_tick.js:68:7)
    
[2021-01-25T02:12:00.334] [ERROR] error - /admin/del-error POST 404
    TypeError: Cannot destructure property `body` of 'undefined' or 'null'.
    at delError (D:\project\vue\1024\console-koa-api\src\api\/adminController.js:164:26)
    at dispatch (D:\project\vue\1024\console-koa-api\node_modules\koa-compose\index.js:42:32)
    at D:\project\vue\1024\console-koa-api\node_modules\koa-router\lib\router.js:372:16
    at dispatch (D:\project\vue\1024\console-koa-api\node_modules\koa-compose\index.js:42:32)
    at D:\project\vue\1024\console-koa-api\node_modules\koa-compose\index.js:34:12
    at dispatch (D:\project\vue\1024\console-koa-api\node_modules\koa-router\lib\router.js:377:31)
    at dispatch (D:\project\vue\1024\console-koa-api\node_modules\koa-compose\index.js:42:32)
    at allowedMethods (D:\project\vue\1024\console-koa-api\node_modules\koa-router\lib\router.js:433:12)
    at dispatch (D:\project\vue\1024\console-koa-api\node_modules\koa-compose\index.js:42:32)
    at dispatch (D:\project\vue\1024\console-koa-api\node_modules\koa-router\lib\router.js:353:32)
    at dispatch (D:\project\vue\1024\console-koa-api\node_modules\koa-compose\index.js:42:32)
    at allowedMethods (D:\project\vue\1024\console-koa-api\node_modules\koa-router\lib\router.js:433:12)
    at dispatch (D:\project\vue\1024\console-koa-api\node_modules\koa-compose\index.js:42:32)
    at dispatch (D:\project\vue\1024\console-koa-api\node_modules\koa-router\lib\router.js:353:32)
    at dispatch (D:\project\vue\1024\console-koa-api\node_modules\koa-compose\index.js:42:32)
    at allowedMethods (D:\project\vue\1024\console-koa-api\node_modules\koa-router\lib\router.js:433:12)
    
[2021-01-25T02:12:00.535] [ERROR] error - /save_error_logger POST 404
    InternalServerError: 发出的请求针对的是不存在的记录，服务器没有进行操作。
    at Object.throw (D:\project\vue\1024\console-koa-api\node_modules\koa\lib\context.js:97:11)
    at _default (D:\project\vue\1024\console-koa-api\src\common\/errorHandle.js:30:7)
    at process._tickCallback (internal/process/next_tick.js:68:7)
    
[2021-01-25T02:13:36.291] [ERROR] error - /admin/del-error POST 404
    TypeError: Cannot destructure property `body` of 'undefined' or 'null'.
    at delError (D:\project\vue\1024\console-koa-api\src\api\/adminController.js:164:26)
    at dispatch (D:\project\vue\1024\console-koa-api\node_modules\koa-compose\index.js:42:32)
    at D:\project\vue\1024\console-koa-api\node_modules\koa-router\lib\router.js:372:16
    at dispatch (D:\project\vue\1024\console-koa-api\node_modules\koa-compose\index.js:42:32)
    at D:\project\vue\1024\console-koa-api\node_modules\koa-compose\index.js:34:12
    at dispatch (D:\project\vue\1024\console-koa-api\node_modules\koa-router\lib\router.js:377:31)
    at dispatch (D:\project\vue\1024\console-koa-api\node_modules\koa-compose\index.js:42:32)
    at allowedMethods (D:\project\vue\1024\console-koa-api\node_modules\koa-router\lib\router.js:433:12)
    at dispatch (D:\project\vue\1024\console-koa-api\node_modules\koa-compose\index.js:42:32)
    at dispatch (D:\project\vue\1024\console-koa-api\node_modules\koa-router\lib\router.js:353:32)
    at dispatch (D:\project\vue\1024\console-koa-api\node_modules\koa-compose\index.js:42:32)
    at allowedMethods (D:\project\vue\1024\console-koa-api\node_modules\koa-router\lib\router.js:433:12)
    at dispatch (D:\project\vue\1024\console-koa-api\node_modules\koa-compose\index.js:42:32)
    at dispatch (D:\project\vue\1024\console-koa-api\node_modules\koa-router\lib\router.js:353:32)
    at dispatch (D:\project\vue\1024\console-koa-api\node_modules\koa-compose\index.js:42:32)
    at allowedMethods (D:\project\vue\1024\console-koa-api\node_modules\koa-router\lib\router.js:433:12)
    
[2021-01-25T02:13:36.493] [ERROR] error - /save_error_logger POST 404
    InternalServerError: 发出的请求针对的是不存在的记录，服务器没有进行操作。
    at Object.throw (D:\project\vue\1024\console-koa-api\node_modules\koa\lib\context.js:97:11)
    at _default (D:\project\vue\1024\console-koa-api\src\common\/errorHandle.js:30:7)
    at process._tickCallback (internal/process/next_tick.js:68:7)
    
